<?xml version="1.0" encoding="UTF-8"?>
<testsuites>
  <testsuite name="/Volumes/Personal/innoscripta-test/phpunit.xml" tests="68" assertions="394" errors="0" failures="0" skipped="0" time="0.874470">
    <testsuite name="Unit" tests="21" assertions="98" errors="0" failures="0" skipped="0" time="0.374754">
      <testsuite name="Tests\Unit\ArticleNormalizationEdgeCaseTest" file="/Volumes/Personal/innoscripta-test/tests/Unit/ArticleNormalizationEdgeCaseTest.php" tests="2" assertions="9" errors="0" failures="0" skipped="0" time="0.119020">
        <testcase name="test_normalize_handles_missing_author_and_category" file="/Volumes/Personal/innoscripta-test/tests/Unit/ArticleNormalizationEdgeCaseTest.php" line="12" class="Tests\Unit\ArticleNormalizationEdgeCaseTest" classname="Tests.Unit.ArticleNormalizationEdgeCaseTest" assertions="5" time="0.114396"/>
        <testcase name="test_normalize_nyt_handles_empty_multimedia" file="/Volumes/Personal/innoscripta-test/tests/Unit/ArticleNormalizationEdgeCaseTest.php" line="39" class="Tests\Unit\ArticleNormalizationEdgeCaseTest" classname="Tests.Unit.ArticleNormalizationEdgeCaseTest" assertions="4" time="0.004624"/>
      </testsuite>
      <testsuite name="Tests\Unit\ArticleNormalizationStrictTest" file="/Volumes/Personal/innoscripta-test/tests/Unit/ArticleNormalizationStrictTest.php" tests="3" assertions="43" errors="0" failures="0" skipped="0" time="0.013027">
        <testcase name="test_normalize_from_newsapi_returns_expected_shape" file="/Volumes/Personal/innoscripta-test/tests/Unit/ArticleNormalizationStrictTest.php" line="12" class="Tests\Unit\ArticleNormalizationStrictTest" classname="Tests.Unit.ArticleNormalizationStrictTest" assertions="16" time="0.004494"/>
        <testcase name="test_normalize_from_guardian_returns_expected_shape" file="/Volumes/Personal/innoscripta-test/tests/Unit/ArticleNormalizationStrictTest.php" line="51" class="Tests\Unit\ArticleNormalizationStrictTest" classname="Tests.Unit.ArticleNormalizationStrictTest" assertions="14" time="0.004189"/>
        <testcase name="test_normalize_from_nyt_returns_expected_shape" file="/Volumes/Personal/innoscripta-test/tests/Unit/ArticleNormalizationStrictTest.php" line="90" class="Tests\Unit\ArticleNormalizationStrictTest" classname="Tests.Unit.ArticleNormalizationStrictTest" assertions="13" time="0.004344"/>
      </testsuite>
      <testsuite name="Tests\Unit\ArticleNormalizationTest" file="/Volumes/Personal/innoscripta-test/tests/Unit/ArticleNormalizationTest.php" tests="3" assertions="18" errors="0" failures="0" skipped="0" time="0.013287">
        <testcase name="test_normalize_from_newsapi_includes_author_and_category_candidates" file="/Volumes/Personal/innoscripta-test/tests/Unit/ArticleNormalizationTest.php" line="12" class="Tests\Unit\ArticleNormalizationTest" classname="Tests.Unit.ArticleNormalizationTest" assertions="6" time="0.005088"/>
        <testcase name="test_normalize_from_guardian_includes_author_and_category_candidates" file="/Volumes/Personal/innoscripta-test/tests/Unit/ArticleNormalizationTest.php" line="42" class="Tests\Unit\ArticleNormalizationTest" classname="Tests.Unit.ArticleNormalizationTest" assertions="6" time="0.004130"/>
        <testcase name="test_normalize_from_nyt_includes_author_and_category_candidates" file="/Volumes/Personal/innoscripta-test/tests/Unit/ArticleNormalizationTest.php" line="69" class="Tests\Unit\ArticleNormalizationTest" classname="Tests.Unit.ArticleNormalizationTest" assertions="6" time="0.004070"/>
      </testsuite>
      <testsuite name="Tests\Unit\DeduplicationServiceTest" file="/Volumes/Personal/innoscripta-test/tests/Unit/DeduplicationServiceTest.php" tests="3" assertions="3" errors="0" failures="0" skipped="0" time="0.132563">
        <testcase name="test_detects_duplicate_by_external_id" file="/Volumes/Personal/innoscripta-test/tests/Unit/DeduplicationServiceTest.php" line="14" class="Tests\Unit\DeduplicationServiceTest" classname="Tests.Unit.DeduplicationServiceTest" assertions="1" time="0.121843"/>
        <testcase name="test_detects_duplicate_by_url_normalization" file="/Volumes/Personal/innoscripta-test/tests/Unit/DeduplicationServiceTest.php" line="23" class="Tests\Unit\DeduplicationServiceTest" classname="Tests.Unit.DeduplicationServiceTest" assertions="1" time="0.005363"/>
        <testcase name="test_detects_duplicate_by_similar_title" file="/Volumes/Personal/innoscripta-test/tests/Unit/DeduplicationServiceTest.php" line="32" class="Tests\Unit\DeduplicationServiceTest" classname="Tests.Unit.DeduplicationServiceTest" assertions="1" time="0.005357"/>
      </testsuite>
      <testsuite name="Tests\Unit\ExampleTest" file="/Volumes/Personal/innoscripta-test/tests/Unit/ExampleTest.php" tests="1" assertions="1" errors="0" failures="0" skipped="0" time="0.000080">
        <testcase name="test_that_true_is_true" file="/Volumes/Personal/innoscripta-test/tests/Unit/ExampleTest.php" line="12" class="Tests\Unit\ExampleTest" classname="Tests.Unit.ExampleTest" assertions="1" time="0.000080"/>
      </testsuite>
      <testsuite name="Tests\Unit\FetchMergeTest" file="/Volumes/Personal/innoscripta-test/tests/Unit/FetchMergeTest.php" tests="1" assertions="7" errors="0" failures="0" skipped="0" time="0.007132">
        <testcase name="test_merge_updates_existing_article" file="/Volumes/Personal/innoscripta-test/tests/Unit/FetchMergeTest.php" line="15" class="Tests\Unit\FetchMergeTest" classname="Tests.Unit.FetchMergeTest" assertions="7" time="0.007132"/>
      </testsuite>
      <testsuite name="Tests\Unit\GuardianAdapterTest" file="/Volumes/Personal/innoscripta-test/tests/Unit/GuardianAdapterTest.php" tests="1" assertions="2" errors="0" failures="0" skipped="0" time="0.022714">
        <testcase name="test_fetch_top_headlines_returns_collection" file="/Volumes/Personal/innoscripta-test/tests/Unit/GuardianAdapterTest.php" line="11" class="Tests\Unit\GuardianAdapterTest" classname="Tests.Unit.GuardianAdapterTest" assertions="2" time="0.022714"/>
      </testsuite>
      <testsuite name="Tests\Unit\HttpRetryMiddlewarePublicContractTest" file="/Volumes/Personal/innoscripta-test/tests/Unit/HttpRetryMiddlewarePublicContractTest.php" tests="1" assertions="2" errors="0" failures="0" skipped="0" time="0.011999">
        <testcase name="test_http_withRetry_retries_and_dispatches_events" file="/Volumes/Personal/innoscripta-test/tests/Unit/HttpRetryMiddlewarePublicContractTest.php" line="13" class="Tests\Unit\HttpRetryMiddlewarePublicContractTest" classname="Tests.Unit.HttpRetryMiddlewarePublicContractTest" assertions="2" time="0.011999"/>
      </testsuite>
      <testsuite name="Tests\Unit\Integrations\NewsApiAdapterTest" file="/Volumes/Personal/innoscripta-test/tests/Unit/Integrations/NewsApiAdapterTest.php" tests="2" assertions="4" errors="0" failures="0" skipped="0" time="0.010427">
        <testcase name="test_fetchTopHeadlines_returns_collection_when_api_ok" file="/Volumes/Personal/innoscripta-test/tests/Unit/Integrations/NewsApiAdapterTest.php" line="15" class="Tests\Unit\Integrations\NewsApiAdapterTest" classname="Tests.Unit.Integrations.NewsApiAdapterTest" assertions="2" time="0.005542"/>
        <testcase name="test_fetchTopHeadlines_returns_empty_when_no_key" file="/Volumes/Personal/innoscripta-test/tests/Unit/Integrations/NewsApiAdapterTest.php" line="33" class="Tests\Unit\Integrations\NewsApiAdapterTest" classname="Tests.Unit.Integrations.NewsApiAdapterTest" assertions="2" time="0.004885"/>
      </testsuite>
      <testsuite name="Tests\Unit\NewsApiAdapterRetryCountTest" file="/Volumes/Personal/innoscripta-test/tests/Unit/NewsApiAdapterRetryCountTest.php" tests="1" assertions="3" errors="0" failures="0" skipped="0" time="0.009461">
        <testcase name="test_retry_attempts_are_made_on_transient_failures" file="/Volumes/Personal/innoscripta-test/tests/Unit/NewsApiAdapterRetryCountTest.php" line="11" class="Tests\Unit\NewsApiAdapterRetryCountTest" classname="Tests.Unit.NewsApiAdapterRetryCountTest" assertions="3" time="0.009461"/>
      </testsuite>
      <testsuite name="Tests\Unit\NewsApiAdapterTest" file="/Volumes/Personal/innoscripta-test/tests/Unit/NewsApiAdapterTest.php" tests="1" assertions="2" errors="0" failures="0" skipped="0" time="0.004910">
        <testcase name="test_fetch_top_headlines_returns_collection" file="/Volumes/Personal/innoscripta-test/tests/Unit/NewsApiAdapterTest.php" line="11" class="Tests\Unit\NewsApiAdapterTest" classname="Tests.Unit.NewsApiAdapterTest" assertions="2" time="0.004910"/>
      </testsuite>
      <testsuite name="Tests\Unit\NytAdapterRetryTest" file="/Volumes/Personal/innoscripta-test/tests/Unit/NytAdapterRetryTest.php" tests="1" assertions="2" errors="0" failures="0" skipped="0" time="0.022733">
        <testcase name="test_fetchTopHeadlines_handles_transient_failure_and_returns_empty" file="/Volumes/Personal/innoscripta-test/tests/Unit/NytAdapterRetryTest.php" line="11" class="Tests\Unit\NytAdapterRetryTest" classname="Tests.Unit.NytAdapterRetryTest" assertions="2" time="0.022733"/>
      </testsuite>
      <testsuite name="Tests\Unit\NytAdapterTest" file="/Volumes/Personal/innoscripta-test/tests/Unit/NytAdapterTest.php" tests="1" assertions="2" errors="0" failures="0" skipped="0" time="0.007403">
        <testcase name="test_fetch_top_headlines_returns_collection" file="/Volumes/Personal/innoscripta-test/tests/Unit/NytAdapterTest.php" line="11" class="Tests\Unit\NytAdapterTest" classname="Tests.Unit.NytAdapterTest" assertions="2" time="0.007403"/>
      </testsuite>
    </testsuite>
    <testsuite name="Feature" tests="47" assertions="296" errors="0" failures="0" skipped="0" time="0.499716">
      <testsuite name="Tests\Feature\ArticleEndpointsTest" file="/Volumes/Personal/innoscripta-test/tests/Feature/ArticleEndpointsTest.php" tests="11" assertions="139" errors="0" failures="0" skipped="0" time="0.156560">
        <testcase name="it_can_list_articles" file="/Volumes/Personal/innoscripta-test/tests/Feature/ArticleEndpointsTest.php" line="46" class="Tests\Feature\ArticleEndpointsTest" classname="Tests.Feature.ArticleEndpointsTest" assertions="91" time="0.045790"/>
        <testcase name="it_can_show_single_article" file="/Volumes/Personal/innoscripta-test/tests/Feature/ArticleEndpointsTest.php" line="80" class="Tests\Feature\ArticleEndpointsTest" classname="Tests.Feature.ArticleEndpointsTest" assertions="20" time="0.008141"/>
        <testcase name="it_returns_404_for_non_existent_article" file="/Volumes/Personal/innoscripta-test/tests/Feature/ArticleEndpointsTest.php" line="114" class="Tests\Feature\ArticleEndpointsTest" classname="Tests.Feature.ArticleEndpointsTest" assertions="1" time="0.010092"/>
        <testcase name="it_can_search_articles_by_query" file="/Volumes/Personal/innoscripta-test/tests/Feature/ArticleEndpointsTest.php" line="122" class="Tests\Feature\ArticleEndpointsTest" classname="Tests.Feature.ArticleEndpointsTest" assertions="2" time="0.008705"/>
        <testcase name="it_can_filter_articles_by_source" file="/Volumes/Personal/innoscripta-test/tests/Feature/ArticleEndpointsTest.php" line="147" class="Tests\Feature\ArticleEndpointsTest" classname="Tests.Feature.ArticleEndpointsTest" assertions="2" time="0.017104"/>
        <testcase name="it_can_filter_articles_by_category" file="/Volumes/Personal/innoscripta-test/tests/Feature/ArticleEndpointsTest.php" line="161" class="Tests\Feature\ArticleEndpointsTest" classname="Tests.Feature.ArticleEndpointsTest" assertions="2" time="0.010436"/>
        <testcase name="it_can_filter_articles_by_author" file="/Volumes/Personal/innoscripta-test/tests/Feature/ArticleEndpointsTest.php" line="182" class="Tests\Feature\ArticleEndpointsTest" classname="Tests.Feature.ArticleEndpointsTest" assertions="4" time="0.011304"/>
        <testcase name="it_can_filter_articles_by_date_range" file="/Volumes/Personal/innoscripta-test/tests/Feature/ArticleEndpointsTest.php" line="208" class="Tests\Feature\ArticleEndpointsTest" classname="Tests.Feature.ArticleEndpointsTest" assertions="2" time="0.012294"/>
        <testcase name="it_can_paginate_articles" file="/Volumes/Personal/innoscripta-test/tests/Feature/ArticleEndpointsTest.php" line="233" class="Tests\Feature\ArticleEndpointsTest" classname="Tests.Feature.ArticleEndpointsTest" assertions="9" time="0.015171"/>
        <testcase name="it_can_combine_multiple_filters" file="/Volumes/Personal/innoscripta-test/tests/Feature/ArticleEndpointsTest.php" line="257" class="Tests\Feature\ArticleEndpointsTest" classname="Tests.Feature.ArticleEndpointsTest" assertions="3" time="0.009359"/>
        <testcase name="it_orders_articles_by_published_date_desc_by_default" file="/Volumes/Personal/innoscripta-test/tests/Feature/ArticleEndpointsTest.php" line="285" class="Tests\Feature\ArticleEndpointsTest" classname="Tests.Feature.ArticleEndpointsTest" assertions="3" time="0.008165"/>
      </testsuite>
      <testsuite name="Tests\Feature\AuthorEndpointsTest" file="/Volumes/Personal/innoscripta-test/tests/Feature/AuthorEndpointsTest.php" tests="1" assertions="4" errors="0" failures="0" skipped="0" time="0.008902">
        <testcase name="test_authors_index_and_show" file="/Volumes/Personal/innoscripta-test/tests/Feature/AuthorEndpointsTest.php" line="13" class="Tests\Feature\AuthorEndpointsTest" classname="Tests.Feature.AuthorEndpointsTest" assertions="4" time="0.008902"/>
      </testsuite>
      <testsuite name="Tests\Feature\AuthorTest" file="/Volumes/Personal/innoscripta-test/tests/Feature/AuthorTest.php" tests="2" assertions="6" errors="0" failures="0" skipped="0" time="0.014970">
        <testcase name="test_index_returns_paginated_authors" file="/Volumes/Personal/innoscripta-test/tests/Feature/AuthorTest.php" line="13" class="Tests\Feature\AuthorTest" classname="Tests.Feature.AuthorTest" assertions="4" time="0.009201"/>
        <testcase name="test_show_returns_author" file="/Volumes/Personal/innoscripta-test/tests/Feature/AuthorTest.php" line="23" class="Tests\Feature\AuthorTest" classname="Tests.Feature.AuthorTest" assertions="2" time="0.005769"/>
      </testsuite>
      <testsuite name="Tests\Feature\CategoryEndpointsTest" file="/Volumes/Personal/innoscripta-test/tests/Feature/CategoryEndpointsTest.php" tests="16" assertions="91" errors="0" failures="0" skipped="0" time="0.142035">
        <testcase name="it_can_list_all_categories" file="/Volumes/Personal/innoscripta-test/tests/Feature/CategoryEndpointsTest.php" line="29" class="Tests\Feature\CategoryEndpointsTest" classname="Tests.Feature.CategoryEndpointsTest" assertions="34" time="0.007789"/>
        <testcase name="it_can_list_categories_with_pagination" file="/Volumes/Personal/innoscripta-test/tests/Feature/CategoryEndpointsTest.php" line="53" class="Tests\Feature\CategoryEndpointsTest" classname="Tests.Feature.CategoryEndpointsTest" assertions="10" time="0.009830"/>
        <testcase name="it_can_search_categories_by_name" file="/Volumes/Personal/innoscripta-test/tests/Feature/CategoryEndpointsTest.php" line="76" class="Tests\Feature\CategoryEndpointsTest" classname="Tests.Feature.CategoryEndpointsTest" assertions="2" time="0.007095"/>
        <testcase name="it_can_show_single_category" file="/Volumes/Personal/innoscripta-test/tests/Feature/CategoryEndpointsTest.php" line="89" class="Tests\Feature\CategoryEndpointsTest" classname="Tests.Feature.CategoryEndpointsTest" assertions="9" time="0.007075"/>
        <testcase name="it_returns_404_for_non_existent_category" file="/Volumes/Personal/innoscripta-test/tests/Feature/CategoryEndpointsTest.php" line="119" class="Tests\Feature\CategoryEndpointsTest" classname="Tests.Feature.CategoryEndpointsTest" assertions="1" time="0.008289"/>
        <testcase name="authenticated_user_can_create_category" file="/Volumes/Personal/innoscripta-test/tests/Feature/CategoryEndpointsTest.php" line="127" class="Tests\Feature\CategoryEndpointsTest" classname="Tests.Feature.CategoryEndpointsTest" assertions="3" time="0.019368"/>
        <testcase name="it_auto_generates_unique_slug_when_creating_category" file="/Volumes/Personal/innoscripta-test/tests/Feature/CategoryEndpointsTest.php" line="152" class="Tests\Feature\CategoryEndpointsTest" classname="Tests.Feature.CategoryEndpointsTest" assertions="2" time="0.006947"/>
        <testcase name="it_validates_category_creation_data" file="/Volumes/Personal/innoscripta-test/tests/Feature/CategoryEndpointsTest.php" line="172" class="Tests\Feature\CategoryEndpointsTest" classname="Tests.Feature.CategoryEndpointsTest" assertions="6" time="0.009298"/>
        <testcase name="unauthenticated_user_cannot_create_category" file="/Volumes/Personal/innoscripta-test/tests/Feature/CategoryEndpointsTest.php" line="189" class="Tests\Feature\CategoryEndpointsTest" classname="Tests.Feature.CategoryEndpointsTest" assertions="1" time="0.006030"/>
        <testcase name="authenticated_user_can_update_category" file="/Volumes/Personal/innoscripta-test/tests/Feature/CategoryEndpointsTest.php" line="197" class="Tests\Feature\CategoryEndpointsTest" classname="Tests.Feature.CategoryEndpointsTest" assertions="3" time="0.008178"/>
        <testcase name="authenticated_user_can_delete_empty_category" file="/Volumes/Personal/innoscripta-test/tests/Feature/CategoryEndpointsTest.php" line="228" class="Tests\Feature\CategoryEndpointsTest" classname="Tests.Feature.CategoryEndpointsTest" assertions="3" time="0.008518"/>
        <testcase name="cannot_delete_category_with_articles" file="/Volumes/Personal/innoscripta-test/tests/Feature/CategoryEndpointsTest.php" line="245" class="Tests\Feature\CategoryEndpointsTest" classname="Tests.Feature.CategoryEndpointsTest" assertions="3" time="0.007609"/>
        <testcase name="it_can_get_articles_for_category" file="/Volumes/Personal/innoscripta-test/tests/Feature/CategoryEndpointsTest.php" line="269" class="Tests\Feature\CategoryEndpointsTest" classname="Tests.Feature.CategoryEndpointsTest" assertions="5" time="0.010123"/>
        <testcase name="it_can_search_articles_within_category" file="/Volumes/Personal/innoscripta-test/tests/Feature/CategoryEndpointsTest.php" line="297" class="Tests\Feature\CategoryEndpointsTest" classname="Tests.Feature.CategoryEndpointsTest" assertions="3" time="0.009230"/>
        <testcase name="it_can_filter_category_articles_by_date" file="/Volumes/Personal/innoscripta-test/tests/Feature/CategoryEndpointsTest.php" line="321" class="Tests\Feature\CategoryEndpointsTest" classname="Tests.Feature.CategoryEndpointsTest" assertions="2" time="0.008474"/>
        <testcase name="categories_are_ordered_by_name" file="/Volumes/Personal/innoscripta-test/tests/Feature/CategoryEndpointsTest.php" line="344" class="Tests\Feature\CategoryEndpointsTest" classname="Tests.Feature.CategoryEndpointsTest" assertions="4" time="0.008183"/>
      </testsuite>
      <testsuite name="Tests\Feature\ExampleTest" file="/Volumes/Personal/innoscripta-test/tests/Feature/ExampleTest.php" tests="1" assertions="1" errors="0" failures="0" skipped="0" time="0.011323">
        <testcase name="test_the_application_returns_a_successful_response" file="/Volumes/Personal/innoscripta-test/tests/Feature/ExampleTest.php" line="13" class="Tests\Feature\ExampleTest" classname="Tests.Feature.ExampleTest" assertions="1" time="0.011323"/>
      </testsuite>
      <testsuite name="Tests\Feature\FetchSourceJobConcurrencyTest" file="/Volumes/Personal/innoscripta-test/tests/Feature/FetchSourceJobConcurrencyTest.php" tests="1" assertions="3" errors="0" failures="0" skipped="0" time="0.017375">
        <testcase name="test_concurrent_inserts_do_not_create_duplicates_and_merge" file="/Volumes/Personal/innoscripta-test/tests/Feature/FetchSourceJobConcurrencyTest.php" line="15" class="Tests\Feature\FetchSourceJobConcurrencyTest" classname="Tests.Feature.FetchSourceJobConcurrencyTest" assertions="3" time="0.017375"/>
      </testsuite>
      <testsuite name="Tests\Feature\FetchSourceJobFailureTest" file="/Volumes/Personal/innoscripta-test/tests/Feature/FetchSourceJobFailureTest.php" tests="2" assertions="3" errors="0" failures="0" skipped="0" time="0.018143">
        <testcase name="test_adapter_exception_dispatches_source_fetch_failed_event" file="/Volumes/Personal/innoscripta-test/tests/Feature/FetchSourceJobFailureTest.php" line="17" class="Tests\Feature\FetchSourceJobFailureTest" classname="Tests.Feature.FetchSourceJobFailureTest" assertions="1" time="0.010641"/>
        <testcase name="test_per_item_exception_dispatches_and_continues_processing" file="/Volumes/Personal/innoscripta-test/tests/Feature/FetchSourceJobFailureTest.php" line="34" class="Tests\Feature\FetchSourceJobFailureTest" classname="Tests.Feature.FetchSourceJobFailureTest" assertions="2" time="0.007501"/>
      </testsuite>
      <testsuite name="Tests\Feature\FetchSourceJobTest" file="/Volumes/Personal/innoscripta-test/tests/Feature/FetchSourceJobTest.php" tests="1" assertions="6" errors="0" failures="0" skipped="0" time="0.006762">
        <testcase name="test_job_persists_author_category_and_article" file="/Volumes/Personal/innoscripta-test/tests/Feature/FetchSourceJobTest.php" line="17" class="Tests\Feature\FetchSourceJobTest" classname="Tests.Feature.FetchSourceJobTest" assertions="6" time="0.006762"/>
      </testsuite>
      <testsuite name="Tests\Feature\HealthTest" file="/Volumes/Personal/innoscripta-test/tests/Feature/HealthTest.php" tests="1" assertions="2" errors="0" failures="0" skipped="0" time="0.006422">
        <testcase name="test_health_endpoint_returns_ok" file="/Volumes/Personal/innoscripta-test/tests/Feature/HealthTest.php" line="9" class="Tests\Feature\HealthTest" classname="Tests.Feature.HealthTest" assertions="2" time="0.006422"/>
      </testsuite>
      <testsuite name="Tests\Feature\OpenApiSpecTest" file="/Volumes/Personal/innoscripta-test/tests/Feature/OpenApiSpecTest.php" tests="1" assertions="2" errors="0" failures="0" skipped="0" time="0.004771">
        <testcase name="openapi_json_is_valid_json" file="/Volumes/Personal/innoscripta-test/tests/Feature/OpenApiSpecTest.php" line="11" class="Tests\Feature\OpenApiSpecTest" classname="Tests.Feature.OpenApiSpecTest" assertions="2" time="0.004771"/>
      </testsuite>
      <testsuite name="Tests\Feature\PersonalizedArticlesTest" file="/Volumes/Personal/innoscripta-test/tests/Feature/PersonalizedArticlesTest.php" tests="9" assertions="32" errors="0" failures="0" skipped="0" time="0.099915">
        <testcase name="unauthenticated_user_cannot_access_personalized_articles" file="/Volumes/Personal/innoscripta-test/tests/Feature/PersonalizedArticlesTest.php" line="44" class="Tests\Feature\PersonalizedArticlesTest" classname="Tests.Feature.PersonalizedArticlesTest" assertions="1" time="0.007418"/>
        <testcase name="authenticated_user_without_preferences_gets_all_articles" file="/Volumes/Personal/innoscripta-test/tests/Feature/PersonalizedArticlesTest.php" line="52" class="Tests\Feature\PersonalizedArticlesTest" classname="Tests.Feature.PersonalizedArticlesTest" assertions="2" time="0.013015"/>
        <testcase name="it_filters_articles_by_preferred_sources" file="/Volumes/Personal/innoscripta-test/tests/Feature/PersonalizedArticlesTest.php" line="67" class="Tests\Feature\PersonalizedArticlesTest" classname="Tests.Feature.PersonalizedArticlesTest" assertions="5" time="0.010643"/>
        <testcase name="it_filters_articles_by_preferred_categories" file="/Volumes/Personal/innoscripta-test/tests/Feature/PersonalizedArticlesTest.php" line="95" class="Tests\Feature\PersonalizedArticlesTest" classname="Tests.Feature.PersonalizedArticlesTest" assertions="4" time="0.010548"/>
        <testcase name="it_filters_articles_by_preferred_authors" file="/Volumes/Personal/innoscripta-test/tests/Feature/PersonalizedArticlesTest.php" line="130" class="Tests\Feature\PersonalizedArticlesTest" classname="Tests.Feature.PersonalizedArticlesTest" assertions="4" time="0.010145"/>
        <testcase name="it_combines_multiple_preference_types" file="/Volumes/Personal/innoscripta-test/tests/Feature/PersonalizedArticlesTest.php" line="165" class="Tests\Feature\PersonalizedArticlesTest" classname="Tests.Feature.PersonalizedArticlesTest" assertions="2" time="0.011013"/>
        <testcase name="it_allows_additional_filtering_on_personalized_results" file="/Volumes/Personal/innoscripta-test/tests/Feature/PersonalizedArticlesTest.php" line="210" class="Tests\Feature\PersonalizedArticlesTest" classname="Tests.Feature.PersonalizedArticlesTest" assertions="4" time="0.010825"/>
        <testcase name="it_paginates_personalized_articles" file="/Volumes/Personal/innoscripta-test/tests/Feature/PersonalizedArticlesTest.php" line="247" class="Tests\Feature\PersonalizedArticlesTest" classname="Tests.Feature.PersonalizedArticlesTest" assertions="7" time="0.015961"/>
        <testcase name="it_orders_personalized_articles_by_published_date_desc" file="/Volumes/Personal/innoscripta-test/tests/Feature/PersonalizedArticlesTest.php" line="278" class="Tests\Feature\PersonalizedArticlesTest" classname="Tests.Feature.PersonalizedArticlesTest" assertions="3" time="0.010346"/>
      </testsuite>
      <testsuite name="Tests\Feature\UserPreferenceTest" file="/Volumes/Personal/innoscripta-test/tests/Feature/UserPreferenceTest.php" tests="1" assertions="7" errors="0" failures="0" skipped="0" time="0.012538">
        <testcase name="test_crud_preferences" file="/Volumes/Personal/innoscripta-test/tests/Feature/UserPreferenceTest.php" line="13" class="Tests\Feature\UserPreferenceTest" classname="Tests.Feature.UserPreferenceTest" assertions="7" time="0.012538"/>
      </testsuite>
    </testsuite>
  </testsuite>
</testsuites>
